'4Suite'	'"setup.py dump" failed'
'4Suite-XML'	'"setup.py dump" failed'
'ABC'	'Download ABC failed'
'AJDecimalMathAdditions'	'Download AJDecimalMathAdditions failed'
'AL - Application Launcher'	'Invalid name'
'AOPython'	'OK!'
'ASCII-Plotter'	'Download ASCII-Plotter failed'
'Aap'	'Download Aap failed'
'AccordionWidget'	'Get package args failed'
'Achoo'	'OK!'
'Acquisition'	'OK!'
'Adaptation'	'OK!'
'AddOns'	'OK!'
'AdvaS Advanced Search'	'Invalid name'
'Adytum-NetCIDR'	'OK!'
'Adytum-PyMonitor'	'OK!'
'AeroCalc'	'OK!'
'Aglyph'	'Unpack Aglyph failed'
'Alchemyware'	'OK!'
'Allegra'	'OK!'
'Amara'	'OK!'
'Amara XML Toolkit'	'Invalid name'
'Anagrammer'	'OK!'
'Anobind'	'Download Anobind failed'
'AppTools'	'OK!'
'Appcelerator'	'Download Appcelerator failed'
'Apydia'	'OK!'
'ArcRstats'	'OK!'
'Are You Human?'	'Invalid name'
'Arm4'	'Download Arm4 failed'
'Arnic'	'Download Arnic failed'
'Aspyct'	'Download Aspyct failed'
'AsynCluster'	'OK!'
'AsynQueue'	'Download AsynQueue failed'
'Audio Enriched Links'	'Invalid name'
'AuthKit'	'OK!'
'AuthProxy'	'Download AuthProxy failed'
'AutoSwish'	'Download AutoSwish failed'
'Automating CATIA V5 or DMU Navigator with Python'	'Invalid name'
'Axiom'	'Get package args failed'
'BAOW'	'Download BAOW failed: None'
'BGTool'	'Download BGTool failed: None'
'BMI (Body Mass Index Calculator)'	'Invalid name: None'
'BOTEC'	"Download BOTEC failed: Can't download http://www.alcyone.com/botec/botec-latest.tar.gz: 404 Not Found"
'Babel'	'OK!'
'BabelDjango'	'OK!'
'BabelGladeExtractor'	'OK!'
'BackupBasis'	'Download BackupBasis failed: None'
'BackupUI'	'Download BackupUI failed: None'
'BalazarBrothers'	'Download BalazarBrothers failed: None'
'Band Saw'	'Invalid name: None'
'BasecampWrapper'	'Download BasecampWrapper failed: None'
'Beaker'	'OK!'
'BeautifulSoup'	'OK!'
'Behaviour'	'OK!'
'BerkeleyDB Backend Storage Engine for DURUS'	'Invalid name: None'
'BibConverter'	'OK!'
'BitBucket'	'OK!'
'BitBuffer'	'OK!'
'BitDecoder'	"pkgsys.setup_args failed: 'list' object has no attribute 'lower'"
'BitPacket'	'OK!'
'BitTornado'	'Download BitTornado failed: None'
'BitTorrent'	'Download BitTorrent failed: None'
'BitTorrent-bencode'	'OK!'
'BitVector'	'OK!'
'BlitzMail'	'Download BlitzMail failed: None'
'BlockCanvas'	'OK!'
'BlogBackup'	'OK!'
'Blogmaker'	'OK!'
'Bluemindo'	'Download Bluemindo failed: None'
'BoTux'	'Download BoTux failed: None'
'Bourbon'	'Download Bourbon failed: None'
'BrainFreeze'	'OK!'
'Breve'	'OK!'
'BreveTool'	'Download BreveTool failed: None'
'BrightContent'	'OK!'
'Buffet'	'OK!'
'BuffetMyghty'	'OK!'
'BuffetString'	'OK!'
'BuffetXSLT'	'OK!'
'BulkSMS'	'Download BulkSMS failed: Unexpected HTML page found at http://botanicus.net/dw/dl/bulksms-0.2a2.tar.gz'
'Bundle-Buggy'	'Download Bundle-Buggy failed: None'
'BusinessHours'	'OK!'
'Byline'	"Download Byline failed: Can't download http://pyrite.org/dist/byline-0.4beta.zip: 404 Not Found"
'BytecodeAssembler'	'OK!'
'CPS'	'Unpack CPS failed: Unsupported archive type'
'Chaco'	'Get package args failed: ImportError: No module named numpy'
'Chandler-debugPlugin'	'OK!'
'Cython'	'OK!'
'Dabo'	'OK!'
'DeferArgs'	'OK!'
'ETSDevTools'	'Get package args failed: ImportError: No module named numpy.distutils.core'
'Enable'	'Get package args failed: ImportError: No module named numpy.distutils.core'
'Gajim'	'Unpack Gajim failed: Unsupported archive type'
'GrassKnoll'	'Download GrassKnoll failed: None'
'GrassyKnoll'	'OK!'
'Mako'	'OK!'
'Mayavi'	'Get package args failed: ImportError: No module named numpy.distutils'
'MojoView'	'OK!'
'NodeBox'	'Unpack NodeBox failed: Unsupported archive type'
'ObjectListView'	'OK!'
'Paste'	'OK!'
'PasteDeploy'	'OK!'
'PasteScript'	'OK!'
'Pylons'	'OK!'
'Routes'	'OK!'
'SQLAlchemy'	'OK!'
'TurboGears'	'OK!'
'ZSI'	'OK!'
"abo's pysync"	'Invalid name'
'abstract.jwrotator'	'OK!'
'acme.sql'	'Download acme.sql failed'
'acute-dbapi'	'Download acute-dbapi failed'
'adapya'	'Download adapya failed'
'addhrefs'	'OK!'
'aditam.agent'	'OK!'
'aditam.core'	'OK!'
'aditam.server'	'OK!'
'adns-python'	'OK!'
'adodbapi'	'Download adodbapi failed'
'adol-Py'	'Download adol-Py failed'
'advpy'	'Download advpy failed'
'affinitic.recipe.fakezope2eggs'	'OK!'
'affinity'	'OK!'
'aggdraw'	'OK!'
'ahcm'	'OK!'
'ahocorasick'	'OK!'
'aio'	'Download aio failed'
'aipy'	'Unpack aipy failed'
'akadav'	'Download akadav failed'
'akismet'	'Download akismet failed'
'aksy'	'Unpack aksy failed'
'albatross'	'OK!'
'alchemist.audit'	'OK!'
'alchemist.security'	'OK!'
'alchemist.traversal'	'OK!'
'alchemist.ui'	'OK!'
'alea'	'OK!'
'alienbuild'	'OK!'
'allmydata-tahoe'	'OK!'
'alo-aes'	'OK!'
'alterootheme.busycity'	'OK!'
'alterootheme.intensesimplicity'	'OK!'
'alterootheme.lazydays'	'OK!'
'alterparagraphs'	'Get package args failed'
'altgraph'	'OK!'
'altpty'	'Download altpty failed'
'amplee'	'OK!'
'ampoule'	'Get package args failed'
'amqplib'	'OK!'
'analysis'	'OK!'
'annotater'	'OK!'
'anntools'	'OK!'
'antigravity'	'OK!'
'antiparser'	'Unpack antiparser failed'
'anysql'	'OK!'
'apachelog'	'OK!'
'apesmit'	'OK!'
'apple'	'OK!'
'appleremote.py'	'OK!'
'appscript'	'OK!'
'appwsgi'	'Download appwsgi failed'
'appy.pod'	'OK!'
'appy.shared'	'OK!'
'apricot'	'OK!'
'apycot'	'OK!'
'aquarium'	'OK!'
'archetypes.kss'	'OK!'
'archetypes.schemaextender'	'OK!'
'archgenxml'	'OK!'
'arcvback'	'Download arcvback failed'
'argparse'	'OK!'
'arkaiv'	'Download arkaiv failed'
'arnie'	'Download arnie failed'
'arrayterator'	'OK!'
'arubomu'	'Download arubomu failed'
'asfPY'	'Download asfPY failed'
'aspects'	'Download aspects failed'
'aspen'	'OK!'
'astLib'	'OK!'
'astng'	'Download astng failed'
'astrogrid'	'Download astrogrid failed'
'asym'	'Download asym failed'
'athenaCL'	'Get package args failed: '
'atocha'	'Download atocha failed'
'atomicpy'	'Download atomicpy failed'
'atomisator.db'	'OK!'
'atomisator.enhancers'	'OK!'
'atomisator.feed'	'OK!'
'atomisator.filters'	'OK!'
'atomisator.main'	'OK!'
'atomisator.parser'	'OK!'
'atomisator.readers'	'OK!'
'atomixlib'	'OK!'
'atomstorage'	'OK!'
'atropine'	'OK!'
'audio-convert-mod'	'Download audio-convert-mod failed'
'audioscrobblerws'	'OK!'
'auth-modules'	'OK!'
'authz-tools'	'Download authz-tools failed'
'autoconnect'	'Download autoconnect failed'
'autoimp'	'Download autoimp failed'
'autoinstall'	'OK!'
'autolog'	'Get package args failed'
'autoself'	'OK!'
'autumn'	'OK!'
'avc'	'OK!'
'b3'	'OK!'
'babtools-EXAMPLE'	"Get package args failed: IOError: [Errno 2] No such file or directory: 'Changelog.txt'"
'babtools-gentoo'	'OK!'
'babtools-gnutella'	'OK!'
'barrel'	'OK!'
'basemap'	'Get package args failed: ImportError: No module named numpy'
'basen'	'OK!'
'basicCAS'	'OK!'
'basicproperty'	'Download basicproperty failed: None'
'basketweaver'	'OK!'
'batchlib'	'Download batchlib failed: None'
'bayesnet'	'Get package args failed: ImportError: No module named graph'
'bazaarrecipe'	'OK!'
'bbfreeze'	'OK!'
'bbgun'	'OK!'
'bcrypt'	'Download bcrypt failed: None'
'bcx basic compile tool'	'Invalid name: None'
'bcx error check'	'Invalid name: None'
'bda.awstatsparser'	'OK!'
'bda.blogview'	'OK!'
'bda.contentproxy'	'OK!'
'bda.intellidatetime'	'OK!'
'bda.ldap'	'OK!'
'bda.resultduplexer'	'OK!'
'bday'	"Download bday failed: Can't download http://shortcircuit.net.au/~prologic/downloads/software/bday-0.6.2.tar.gz: 404 Not Found"
'bdec'	'Download bdec failed: '
'bdist-mpkg'	'OK!'
'beancount'	'Download beancount failed: None'
'beatbox'	'OK!'
'bebop.protocol'	'OK!'
'benri'	'OK!'
'benri.client'	'OK!'
'benterm'	'OK!'
'bestappever'	"Get package args failed: IOError: [Errno 2] No such file or directory: '/var/tmp/pypi/unpack/bestappever-0.1/CHANGES.txt'"
'betterprint'	'OK!'
'beyondskins.pyconbrasil2008'	'OK!'
'bibliograph.core'	'OK!'
'bibliograph.parsing'	'OK!'
'bibliograph.rendering'	'OK!'
'bicop'	'OK!'
'bicyclerepair'	'Download bicyclerepair failed: None'
'biopython'	'Download biopython failed: None'
'bitarray'	'OK!'
'bitbake'	'Download bitbake failed: None'
'bitsyblog'	'OK!'
'blamehangle'	'Download blamehangle failed: None'
'bliptv.reader'	"Get package args failed: IOError: [Errno 2] No such file or directory: 'CHANGES.txt'"
'blist'	'OK!'
'blobs'	'Download blobs failed: None'
'boo-box'	'OK!'
'boodebr'	'OK!'
'book'	'Download book failed: None'
'bookshelf'	'Download bookshelf failed: None'
'boolopt'	'OK!'
'bopen.recipe.libinc'	'OK!'
'borg.localrole'	'OK!'
'borg.project'	'OK!'
'borg.supergroup'	'OK!'
'boto'	'OK!'
'bots'	'Download bots failed: None'
'bouncy'	'Unpack bouncy failed: Unsupported archive type'
'bpython'	'OK!'
'brian'	'OK!'
'bricks'	'Download bricks failed: None'
'bridge'	'OK!'
'bruce'	'Get package args failed: ImportError: No module named pyglet'
'bsddb185'	'Get package args failed: '
'bsddb3'	'OK!'
'btponto'	'OK!'
'btsclient'	'Download btsclient failed: None'
'bug.gd'	'OK!'
'build'	'Download build failed: None'
'buildbot'	'OK!'
'buildit'	'Download buildit failed: None'
'buildout-script'	'OK!'
'buildout.eggtractor'	'OK!'
'buildutils'	'OK!'
'bundleman'	'OK!'
'buzhug'	'Download buzhug failed: None'
'byteplay'	"Get package args failed: [Errno 22] Invalid argument: '/var/tmp/pypi/unpack/.'"
'bzero'	'Unpack bzero failed: Unsupported archive type'
'bzr'	'OK!'
'bzr-cia'	'Download bzr-cia failed: None'
'bzr-gtk'	'Download bzr-gtk failed: None'
'bzr-rebase'	'OK!'
'bzr-stats'	'Download bzr-stats failed: None'
'bzr-svn'	'OK!'
'cclib'	'OK!'
'cdat-lite'	'Get package args failed: ImportError: No module named numpy'
'cryptobox-server'	'OK!'
'cssutils'	'OK!'
'email'	'OK!'
'epigrass'	'OK!'
'epydoc'	'OK!'
'ews'	'Get package args failed: ImportError: No module named yaml'
'gcal2gcal'	'OK!'
'gnue-common'	'OK!'
'gnue-forms'	'Get package args failed: ImportError: No module named gnue.common.utils'
'golem'	'OK!'
'googlecalc'	'OK!'
'haufe.selenium'	'OK!'
'huBarcode'	'OK!'
'iTorrent'	'Unpack iTorrent failed: Empty package encountered: /var/tmp/pypi/downloads/iTorrent-alpha-2-win.zip'
'ipython'	'OK!'
'ipython1'	'OK!'
'kss.plugin.jsmath'	'OK!'
'leo'	'Unpack leo failed: Unrecognized archive format: /var/tmp/pypi/downloads/leo-4.4.7-final.zip'
'libprs500'	'Get package args failed: ImportError: No module named Image'
'lxml'	'OK!'
'matplotlib'	'Unpack matplotlib failed: CRC check failed'
'megrok.yui'	'OK!'
'mwlib.ext'	'OK!'
'mwlib.r1'	'Download mwlib.r1 failed: None'
'mwlib.rl'	'OK!'
'networkx'	'OK!'
'neveredit'	'OK!'
'numpy'	'Get package args failed: '
'odfsvn'	'OK!'
'opencore'	'OK!'
'paramiko'	'OK!'
'pycryptopp'	'OK!'
'setuptools'	'OK!'
'yould'	'OK!'
'z3c.pypimirror'	'OK!'
================================
