'4Suite'	'"setup.py dump" failed'
'4Suite-XML'	'"setup.py dump" failed'
'ABC'	'Download ABC failed'
'AJDecimalMathAdditions'	'Download AJDecimalMathAdditions failed'
'AL - Application Launcher'	'Invalid name'
'AOPython'	'OK!'
'ASCII-Plotter'	'Download ASCII-Plotter failed'
'Aap'	'Download Aap failed'
'AccordionWidget'	'Get package args failed'
'Achoo'	'OK!'
'Acquisition'	'OK!'
'Adaptation'	'OK!'
'AddOns'	'OK!'
'AdvaS Advanced Search'	'Invalid name'
'Adytum-NetCIDR'	'OK!'
'Adytum-PyMonitor'	'OK!'
'AeroCalc'	'OK!'
'Aglyph'	'Unpack Aglyph failed'
'Alchemyware'	'OK!'
'Allegra'	'OK!'
'Amara'	'OK!'
'Amara XML Toolkit'	'Invalid name'
'Anagrammer'	'OK!'
'Anobind'	'Download Anobind failed'
'AppTools'	'OK!'
'Appcelerator'	'Download Appcelerator failed'
'Apydia'	'OK!'
'ArcRstats'	'OK!'
'Are You Human?'	'Invalid name'
'Arm4'	'Download Arm4 failed'
'Arnic'	'Download Arnic failed'
'Aspyct'	'Download Aspyct failed'
'AsynCluster'	'OK!'
'AsynQueue'	'Download AsynQueue failed'
'Audio Enriched Links'	'Invalid name'
'AuthKit'	'OK!'
'AuthProxy'	'Download AuthProxy failed'
'AutoSwish'	'Download AutoSwish failed'
'Automating CATIA V5 or DMU Navigator with Python'	'Invalid name'
'Axiom'	'Get package args failed'
'BAOW'	'Download BAOW failed: None'
'BGTool'	'Download BGTool failed: None'
'BMI (Body Mass Index Calculator)'	'Invalid name: None'
'BOTEC'	"Download BOTEC failed: Can't download http://www.alcyone.com/botec/botec-latest.tar.gz: 404 Not Found"
'Babel'	'OK!'
'BabelDjango'	'OK!'
'BabelGladeExtractor'	'OK!'
'BackupBasis'	'Download BackupBasis failed: None'
'BackupUI'	'Download BackupUI failed: None'
'BalazarBrothers'	'Download BalazarBrothers failed: None'
'Band Saw'	'Invalid name: None'
'BasecampWrapper'	'Download BasecampWrapper failed: None'
'Beaker'	'OK!'
'BeautifulSoup'	'OK!'
'Behaviour'	'OK!'
'BerkeleyDB Backend Storage Engine for DURUS'	'Invalid name: None'
'BibConverter'	'OK!'
'BitBucket'	'OK!'
'BitBuffer'	'OK!'
'BitDecoder'	"pkgsys.setup_args failed: 'list' object has no attribute 'lower'"
'BitPacket'	'OK!'
'BitTornado'	'Download BitTornado failed: None'
'BitTorrent'	'Download BitTorrent failed: None'
'BitTorrent-bencode'	'OK!'
'BitVector'	'OK!'
'BlitzMail'	'Download BlitzMail failed: None'
'BlockCanvas'	'OK!'
'BlogBackup'	'OK!'
'Blogmaker'	'OK!'
'Bluemindo'	'Download Bluemindo failed: None'
'BoTux'	'Download BoTux failed: None'
'Bourbon'	'Download Bourbon failed: None'
'BrainFreeze'	'OK!'
'Breve'	'OK!'
'BreveTool'	'Download BreveTool failed: None'
'BrightContent'	'OK!'
'Buffet'	'OK!'
'BuffetMyghty'	'OK!'
'BuffetString'	'OK!'
'BuffetXSLT'	'OK!'
'BulkSMS'	'Download BulkSMS failed: Unexpected HTML page found at http://botanicus.net/dw/dl/bulksms-0.2a2.tar.gz'
'Bundle-Buggy'	'Download Bundle-Buggy failed: None'
'BusinessHours'	'OK!'
'Byline'	"Download Byline failed: Can't download http://pyrite.org/dist/byline-0.4beta.zip: 404 Not Found"
'BytecodeAssembler'	'OK!'
'CAGE'	'Unpack CAGE failed: Unsupported archive type'
'CBlog'	"Download CBlog failed: Can't download http://chrisarndt.de/projects/cblog/download/CBlog-0.2a.tar.bz2: 404 Not Found"
'CDCover'	'Get package args failed: ImportError: No module named py2exe'
'CPF'	'Download CPF failed: '
'CPFValidator'	'Download CPFValidator failed: '
'CPS'	'Unpack CPS failed: Unsupported archive type'
'CR'	'Download CR failed: None'
'CSBuddy'	'Unpack CSBuddy failed: Unsupported archive type'
'CUI'	'Download CUI failed: None'
'CVSToys'	'Download CVSToys failed: None'
'CVtypes'	'Unpack CVtypes failed: Unsupported archive type'
'Cabochon'	"Unpack Cabochon failed: [Errno 2] No such file or directory: '/var/www/localhost/htdocs/pypicache/downloads/trunk'"
'CabochonClient'	"Unpack CabochonClient failed: [Errno 2] No such file or directory: '/var/www/localhost/htdocs/pypicache/downloads/trunk'"
'CabochonServer'	"Unpack CabochonServer failed: [Errno 2] No such file or directory: '/var/www/localhost/htdocs/pypicache/downloads/trunk'"
'Candygram'	'OK!'
'Cellulose'	'OK!'
'Cerealizer'	'Download Cerealizer failed: None'
'Chaco'	'Get package args failed: ImportError: No module named numpy'
'Chandler-AmazonPlugin'	'OK!'
'Chandler-DependencyPlugin'	'OK!'
'Chandler-EVDBPlugin'	'OK!'
'Chandler-FeedsPlugin'	'OK!'
'Chandler-FlickrPlugin'	'OK!'
'Chandler-HelloWorldPlugin'	'OK!'
'Chandler-PhotoPlugin'	'OK!'
'Chandler-ReportPlugin'	'OK!'
'Chandler-XmppPlugin'	'OK!'
'Chandler-debugPlugin'	'OK!'
'Chandler-gdataPlugin'	'OK!'
'ChangeGDSSetup'	"process failed: Invalid package name: 'dev-python/changegdssetup'"
'ChartDirector for Python'	'Invalid name: None'
'ChatRelater'	'OK!'
'Checkpoint'	'OK!'
'Cheesecake'	'OK!'
'Cheetah'	'OK!'
'CherryPaste'	'Unpack CherryPaste failed: [Errno 21] Is a directory'
'CherryPy'	'OK!'
'Chestnut FTP Search'	'Invalid name: None'
'Cimbiote'	'Download Cimbiote failed: None'
'Circe'	'Download Circe failed: None'
'Clarens'	'Download Clarens failed: None'
'CleverCSS'	'OK!'
'CleverHarold'	'OK!'
'Cleverbox'	'OK!'
'ClickChronicle'	'Download ClickChronicle failed: None'
'ClientCookie'	'OK!'
'ClientForm'	'OK!'
'ClientTable'	'OK!'
'ClueBin'	'OK!'
'ClueMapper'	'OK!'
'ClueMapperChatter'	'OK!'
'ClueMapperSecure'	'OK!'
'ClueMapperThemer'	'OK!'
'ClueMapperTools'	'OK!'
'CmDO'	'Download CmDO failed: None'
'CmdLoop'	'Download CmdLoop failed: None'
'Cobbler'	'Download Cobbler failed: None'
'CocoPy'	'OK!'
'CodeTools'	'OK!'
'Cog'	'Download Cog failed: None'
'Coherence'	'OK!'
'Colors'	"Download Colors failed: Download error for http://gene.tn.nic.in/~km/downloads/Colors-0.1.tar.gz: (110, 'Connection timed out')"
'Colubrid'	'OK!'
'ComicsReader'	'Download ComicsReader failed: None'
'Comix'	'Download Comix failed: None'
'CommandLineApp'	'OK!'
'CommonsPictureOfTheDay'	'Download CommonsPictureOfTheDay failed: None'
'ConceptNet: A Practical Commonsense Reasoning Toolkit'	'Invalid name: None'
'Conch'	'Download Conch failed: None'
'ConcurrentLogHandler'	'OK!'
'ConfigAdministrator'	'Get package args failed: ImportError: No module named turbogears.finddata'
'ConfigObj'	'OK!'
'ConsoleFormat'	'OK!'
'Context'	'Download Context failed: None'
'Contextual'	'OK!'
'CoordSys'	'OK!'
'CoreBio'	'OK!'
'Corotwine'	'Download Corotwine failed: None'
'CouchDB'	'OK!'
'CoverArt'	'Download CoverArt failed: None'
'Creoleparser'	'OK!'
'Cryha'	'OK!'
'Custom Interactive Console'	'Invalid name: None'
'Cython'	'OK!'
'DAG'	'OK!'
'DAXFi'	'OK!'
'DBSprockets'	'OK!'
'DBUtils'	'OK!'
'DITrack'	'OK!'
'DLNetSNMP'	"Download DLNetSNMP failed: Can't download http://www.dlevel.com/products/opensource/files/DLNetSNMP-0.4.1.tar.gz: 404 Not Found"
'DOMForm'	'OK!'
'DOMinclude'	'Get package args failed: ImportError: No module named turbogears.finddata'
'DXF-Converter'	'Download DXF-Converter failed: None'
'Dabo'	'OK!'
'Dabo Framework'	'Invalid name: None'
'Dabo Runtime Engine For Windows'	'Invalid name: None'
'Dandelion'	'Download Dandelion failed: None'
'DateTime'	'OK!'
'Daycos'	'OK!'
'DebLib'	'OK!'
'DecoratorTools'	'OK!'
'Dee'	'Download Dee failed: None'
'DeferArgs'	'OK!'
'Dejavu'	'OK!'
'DeliciousAPI'	'OK!'
'Deliverance'	'OK!'
'Delny'	'OK!'
'DeployTools'	'Download DeployTools failed: None'
'Descriptive Markup Toolkit'	'Invalid name: None'
'Detextile'	'OK!'
'Dex Tracker'	'Invalid name: None'
'Diagnil'	'Unpack Diagnil failed: Unsupported archive type'
'Dice3DS'	'OK!'
'Dict4Ini'	'OK!'
'Dijkstar'	'OK!'
'Directicus'	'OK!'
'DirectoryQueue'	'Download DirectoryQueue failed: None'
'DirectoryQueueService'	'Download DirectoryQueueService failed: None'
'DirectoryStorage'	'Download DirectoryStorage failed: None'
'DirsSync'	'Download DirsSync failed: None'
'DisplayShelf'	'Get package args failed: ImportError: No module named turbogears.finddata'
'Distutils'	'Download Distutils failed: None'
'DivDialogs'	'Get package args failed: ImportError: No module named turbogears.finddata'
'Divmod Prime'	'Invalid name: None'
'Divmod Quotient'	'Invalid name: None'
'Divmod Reverend'	'Invalid name: None'
'Django'	'Download Django failed: None'
'Django096'	'Download Django096 failed: None'
'DjangoPaste'	'Download DjangoPaste failed: None'
'Djblets'	'Download Djblets failed: None'
'DoDoStorage'	'OK!'
'DoapViewPlugin'	'Download DoapViewPlugin failed: '
'DomainFinder'	'Download DomainFinder failed: None'
'Dozer'	'OK!'
'DsaCheck'	'OK!'
'DsaLib'	'OK!'
'Dt63'	'OK!'
'DuckyLib'	'Download DuckyLib failed: None'
'Dulcinea'	'Get package args failed: '
'Durus'	'OK!'
'DyBASE'	'Unpack DyBASE failed: Unsupported archive type'
'EDDIE-Tool'	'Download EDDIE-Tool failed: None'
'EMpy -- ElectroMagnetic Python'	'Invalid name: None'
'ETS'	'OK!'
'ETSDevTools'	'Get package args failed: ImportError: No module named numpy.distutils.core'
'ETSProjectTools'	'OK!'
'EUtils'	'OK!'
'EaseXML'	'OK!'
'Easy Jabber XML-RPC'	'Invalid name: None'
'EasyDialogs for Windows'	'Invalid name: None'
'EasyExtend'	'Download EasyExtend failed: None'
'EasyGuider'	'Download EasyGuider failed: None'
'EatLint'	'OK!'
'EccoDDE'	'OK!'
'Editor Anafora'	'Invalid name: None'
'Editra'	'OK!'
'EggBasket'	'Get package args failed: ImportError: No module named turbogears.finddata'
'EggFreezer'	'OK!'
'EggsHelper'	'Download EggsHelper failed: None'
'ElementSoup'	'Download ElementSoup failed: None'
'Elements'	'OK!'
'Elixir'	'OK!'
'ElvinRRD'	'OK!'
'EmPy'	'pkgsys.setup_args failed: Unrecognized license: %LICENSE'
'Enable'	'Get package args failed: ImportError: No module named numpy.distutils.core'
'Endgame Singularity'	'Invalid name: None'
'Endgame: Singularity'	'Invalid name: None'
'Enstag'	'OK!'
'EnthoughtBase'	'OK!'
'EnvisageCore'	'OK!'
'EnvisagePlugins'	'OK!'
'Epsilon'	'Get package args failed: ImportError: No module named twisted.python'
'Esrapy'	'Download Esrapy failed: None'
'EuroPython2006-PyQt4-Examples'	'OK!'
'Evennia MUD Server'	'Invalid name: None'
'ExtSession'	'OK!'
'Extended Python Debugger'	'Invalid name: None'
'ExtensionClass'	'OK!'
'Extractor'	'OK!'
'Extremes'	'OK!'
'F2PY'	'OK!'
'FIAT'	'OK!'
'FPyS'	'OK!'
'FSA'	'OK!'
'FTP pocetnik'	'Invalid name: None'
'Fabric'	'OK!'
'FarPy GUIE'	'Invalid name: None'
'Fast Track'	'Invalid name: None'
'FauxIdent'	"process failed: Invalid package name: 'dev-python/fauxident-_alpha'"
'FeatureServer'	'OK!'
'FeedParser'	'OK!'
'FelloWiki'	'Download FelloWiki failed: Unexpected HTML page found at http://prdownload.berlios.de/fellowiki/FelloWiki-0.01a1.dev-r36.zip'
'FiPy'	'Download FiPy failed: None'
'FibraNet'	'OK!'
'FileCatalog'	'OK!'
'FileFields'	'Get package args failed: ImportError: No module named turbogears.finddata'
'FileHStore'	'OK!'
'Filesystematic'	'Download Filesystematic failed: None'
'FilmUpPy'	'Download FilmUpPy failed: None'
'FireSnake Browser'	'Invalid name: None'
'Firedrop2'	'Download Firedrop2 failed: None'
'Flannel'	'OK!'
'Flatten'	'Download Flatten failed: None'
'Flickr.API'	'OK!'
'Flight'	'Unpack Flight failed: Unsupported archive type'
'FmtRW'	'Download FmtRW failed: None'
'FontTools'	'Download FontTools failed: None'
'FontTools-TTX'	'Download FontTools-TTX failed: None'
'Forest Board'	'Invalid name: None'
'FormAlchemy'	'OK!'
'FormBuild'	'OK!'
'FormEncode'	'OK!'
'Forthon'	'Download Forthon failed: '
'Fossil'	'OK!'
'Fozzy'	'Get package args failed: ImportError: No module named turbogears.finddata'
'Frase do Dia'	'Invalid name: None'
'FreeSpeak'	'Unpack FreeSpeak failed: Unsupported archive type'
'Freetype'	'Download Freetype failed: None'
'Frog-blog'	'Download Frog-blog failed: None'
'Frupple'	'OK!'
'FsavClient'	'OK!'
'FuGrep'	'OK!'
'FuXi'	'Download FuXi failed: MD5 validation failed for FuXi-0.95b.dev-r229.tar.gz; possible download problem?'
'FurcTools'	'Download FurcTools failed: None'
'GDAL'	'OK!'
'GFX'	'OK!'
'GHRML'	'OK!'
'GNota'	'Download GNota failed: None'
'GPicSync'	'Download GPicSync failed: None'
'Gajim'	'Unpack Gajim failed: Unsupported archive type'
'GallerPy'	'Unpack GallerPy failed: Unsupported archive type'
'Gallerize'	'Get package args failed: ImportError: No module named Image'
'Gallery2.py'	'Download Gallery2.py failed: None'
'GalleryRemote'	'OK!'
'GanttPV'	'Download GanttPV failed: None'
'GenericCache'	'Unpack GenericCache failed: Unsupported archive type'
'GenomeDiagram'	'Download GenomeDiagram failed: None'
'Genshi'	'OK!'
'GeoEco'	'Download GeoEco failed: None'
'GeoTypes'	'OK!'
'Geohash'	'OK!'
'Gibberisch'	'OK!'
'GinGin'	'Get package args failed: '
'GitPython'	'OK!'
'Glarf'	'Download Glarf failed: None'
'Glashammer'	'Get package args failed: ImportError: No module named werkzeug'
'Gnosis Utilities'	'Invalid name: None'
'Gnosis-Utils'	'OK!'
'GnuPGInterface'	'Download GnuPGInterface failed: None'
'GooeyPy'	'Get package args failed: ImportError: No module named pygame'
'GoogleCalendar'	'OK!'
'GraphPath'	'Download GraphPath failed: None'
'GrassyKnoll'	'OK!'
'GrokIMDB'	'OK!'
'Grouch'	'Download Grouch failed: None'
'Gyrfalcon'	'Download Gyrfalcon failed: None'
'HP3478A'	'Download HP3478A failed: None'
'HRL'	'OK!'
'HTConsole'	'OK!'
'HTMLCalendar'	'OK!'
'HTMLTemplate'	'OK!'
'HTMLTestRunner'	'Download HTMLTestRunner failed: None'
'HTTPEncode'	"Download HTTPEncode failed: [Errno 21] Is a directory: '/var/www/localhost/htdocs/pypicache/downloads/trunk'"
'HarvestMan'	'OK!'
'Haus'	'OK!'
'HessianPy'	'Download HessianPy failed: None'
'Hinagiku'	'OK!'
'HippoDraw'	'Download HippoDraw failed: None'
'Hive'	'OK!'
'HunnyB'	'OK!'
'Hydra'	'Download Hydra failed: None'
'IAF- Interaction Framework'	'Invalid name: None'
'IDLE2HTML'	'OK!'
'IMAPClient'	'OK!'
'IMDb'	'Download IMDb failed: None'
'IMDbPY'	'OK!'
'INITools'	'OK!'
'IPTCInfo'	'Download IPTCInfo failed: '
'IPv4-Utils'	'Download IPv4-Utils failed: '
'IPy'	'OK!'
'ISPManCCP'	'Get package args failed: '
'IbPy'	'OK!'
'ImageProcess'	'Download ImageProcess failed: None'
'ImageSize'	'Download ImageSize failed: None'
'Impacket'	'OK!'
'Importing'	'OK!'
'Impression'	'OK!'
'Improved autosuper'	'Invalid name: None'
'InPlace'	'Get package args failed: ImportError: No module named turbogears.finddata'
'IndexedCatalog'	'OK!'
'Informant'	'Unpack Informant failed: Unsupported archive type'
'InformixDB'	'OK!'
'IngeniSkel'	'OK!'
'InlineEgg'	'OK!'
'InstantFileProvider'	'OK!'
'InsulateRunner'	'Download InsulateRunner failed: None'
'IntelHex'	'OK!'
'Interface'	'OK!'
'IoC'	'OK!'
'IronBrowser'	'Download IronBrowser failed: None'
'IrssiNotifier'	'Get package args failed: '
'JCC'	'OK!'
'JSResolver'	'Download JSResolver failed: None'
'Jajouka'	'Get package args failed: ImportError: No module named py2exe'
'James'	'Get package args failed: SyntaxError: from __future__ imports must occur at the beginning of the file'
'JaroWinkler'	'Download JaroWinkler failed: None'
'Jinja'	'OK!'
'Jinja2'	'OK!'
'JsLintSolo'	'OK!'
'JsonUtils'	'OK!'
'Jungle .Py Compiler'	'Invalid name: None'
'JyFIT'	'Download JyFIT failed: None'
'KLM'	'Download KLM failed: None'
'Kaa'	'Unpack Kaa failed: Unsupported archive type'
'Kamaelia'	'Download Kamaelia failed: None'
'Karrigell'	'Download Karrigell failed: '
'Killprogram Dictionary'	'Invalid name: None'
'Kiln'	'OK!'
'Kimboot'	'Get package args failed: ImportError: No module named py2exe'
'KirbyBase'	"Download KirbyBase failed: Can't download http://www.netpromi.com/files/KirbyBase-1.5.zip: 404 Not Found"
'Kiwi'	'Unpack Kiwi failed: Unsupported archive type'
'KochMorse'	'OK!'
'LADS'	'Unpack LADS failed: Unsupported archive type'
'LDBackup'	'Download LDBackup failed: None'
'LSystem'	"process failed: Invalid package name: 'dev-python/lsystem-_alpha'"
'LSystem2'	'OK!'
'Lamina'	'Download Lamina failed: '
'LatestVisitors'	"Download LatestVisitors failed: Can't download http://merlimat.net/files/LatestVisitors-0.1.zip: 404 Not Found"
'Lavengro'	'OK!'
'LdapPlugin'	'Download LdapPlugin failed: None'
'Lightbox'	'Get package args failed: ImportError: No module named turbogears.finddata'
'Lightning'	'Download Lightning failed: '
'Lightning Compiler'	'Invalid name: None'
'LinkingToMe'	'OK!'
'Linux Screen Reader'	'Invalid name: None'
'Little-Snob'	'Get package args failed: SyntaxError: from __future__ imports must occur at the beginning of the file'
'Loopy'	'OK!'
'Louie'	'OK!'
'Luke-SDK'	'Download Luke-SDK failed: Unexpected HTML page found at http://prdownload.berlios.de/luke-sdk/luke-sdk-0.7.7.1.tar.gz'
'Lupy'	'Download Lupy failed: None'
'Lyntin'	'Download Lyntin failed: None'
'LyricSearch'	'OK!'
'Lython'	'OK!'
'Mako'	'OK!'
'Mayavi'	'Get package args failed: ImportError: No module named numpy.distutils'
'MojoView'	'OK!'
'NAGpy'	'Unpack NAGpy failed: Empty package encountered: /var/www/localhost/htdocs/pypicache/downloads/nagpy.tar.gz'
'NZMATH'	'OK!'
'NetCIDR'	'OK!'
'NetCube'	'OK!'
'Nevow'	'Get package args failed: ImportError: No module named twisted.python'
'Next Utility'	'Invalid name: None'
'NodeBox'	'Unpack NodeBox failed: Unsupported archive type'
'NokiaRTTTL'	'Download NokiaRTTTL failed: None'
'NonMockObjects'	'OK!'
'NoseDjango'	'OK!'
'NoseGAE'	'OK!'
'NoseGrowl'	'OK!'
'NoseLint'	'OK!'
'NoseXML'	'OK!'
'NoseXUnit'	'OK!'
'NotificationFramework'	'Download NotificationFramework failed: None'
'Numdisplay'	'Download Numdisplay failed: None'
'Numeric'	'Download Numeric failed: None'
'Nwu'	'Unpack Nwu failed: Empty package encountered: /var/www/localhost/htdocs/pypicache/downloads/nwu-latest.tar.gz'
'OHM'	'OK!'
'OOoPy'	'Download OOoPy failed: None'
'OSG-Gratia-Viewer'	'OK!'
'OWSLib'	'OK!'
'ObDict'	'OK!'
'ObjectListView'	'OK!'
'ObjectRoles'	'OK!'
'ObjectStateTracer'	'Get package args failed: ImportError: No module named turbogears.finddata'
'Ocean'	'Download Ocean failed: None'
'Oort'	'OK!'
'OortPub'	'OK!'
'OpenAlea'	'Download OpenAlea failed: None'
'OpenBayes'	'OK!'
'OpenEXR'	'OK!'
'OpenGL'	'Download OpenGL failed: None'
'OpenGLContext'	'Download OpenGLContext failed: None'
'OpenOPC'	'Download OpenOPC failed: None'
'OpenOpt'	'Download OpenOpt failed: None'
'OpenPGP'	'OK!'
'OpenSVNcmd'	'Download OpenSVNcmd failed: None'
'OpenSwarm'	'Download OpenSwarm failed: None'
'OpenTAL'	'Download OpenTAL failed: None'
'OpenplansBoot'	'OK!'
'Orchid'	'OK!'
'Ordered Dictionary'	'Invalid name: None'
"Original Gamer's Client"	'Invalid name: None'
'Paste'	'OK!'
'PasteDeploy'	'OK!'
'PasteScript'	'OK!'
'Pylons'	'OK!'
'QGL'	'OK!'
'QLCLI'	'Download QLCLI failed: None'
'QPS'	'OK!'
'Quadtree'	'OK!'
'QuantLib-Python'	'Download QuantLib-Python failed: None'
'QuickWiki'	'OK!'
'Quixote'	'OK!'
'Quotient'	'Get package args failed: ImportError: No module named epsilon'
'RDFAlchemy'	'OK!'
'RDFCalendar'	'OK!'
'RDFFormats'	'OK!'
'RDFMessage'	'OK!'
'RLToolkit'	'Download RLToolkit failed: None'
'RO'	'OK!'
'RPy'	'Download RPy failed: None'
'RPyC'	'Download RPyC failed: None'
'RUR-PLE'	'Download RUR-PLE failed: None'
'Rabbyt'	'OK!'
'Rakun'	'Download Rakun failed: None'
'Rakun XML Application Platform'	'Invalid name: None'
'Rat'	'OK!'
'Rect'	'OK!'
'Recur'	"process failed: Invalid package name: 'dev-python/recur-_rc105'"
'Refaction'	'Download Refaction failed: None'
'Reindent'	'OK!'
'Reinforcement Learning Toolkit'	'Invalid name: None'
'RelStorage'	'OK!'
'Renamer'	'OK!'
'Reporting'	'Download Reporting failed: None'
'ResourcePackage'	'Download ResourcePackage failed: None'
'Restin'	'Download Restin failed: None'
'Restler'	'OK!'
'RestrictedPython'	'OK!'
'RhubarbTart'	'OK!'
'Robin'	"Download Robin failed: Can't download http://prdownloads.sourceforge.net/[..]robin-py/robin-1.0.1.src.tar.gz?download: 302 The HTTP server returned a redirect error that would lead to an infinite loop.\nThe last 30x error message was:\nFound"
'Rocky Bernstein'	'Invalid name: None'
'Roma'	'Download Roma failed: None'
'Routes'	'OK!'
'RssPanel'	'Get package args failed: '
'RssWidget'	'Unpack RssWidget failed: Unsupported archive type'
'RstDoc'	"process failed: Invalid package name: 'dev-python/rstdoc-0.9.0-0.9.0'"
'Rtree'	'OK!'
'Rugg'	'Get package args failed: '
'RunSnakeRun'	'OK!'
'Ruya'	'Download Ruya failed: None'
'SQLAlchemy'	'OK!'
'TurboGears'	'OK!'
'UNKNOWN'	'Download UNKNOWN failed: None'
'UPCTools'	'Get package args failed: ImportError: No module named turbogears.finddata'
'USPP (Universal Serial Port Python) Library'	'Invalid name: None'
'UliPad'	'Download UliPad failed: None'
'Ultimate WebShots Converter for KDE'	'Invalid name: None'
'UnicodeBlockTokenizer'	'Download UnicodeBlockTokenizer failed: None'
'Unipath'	'OK!'
'UploadFu'	'OK!'
'Upraise'	'OK!'
'Utlimate WebShots Converter for KDE'	'Invalid name: None'
'Vertex'	'Get package args failed: ImportError: No module named epsilon'
'Vimes'	'Download Vimes failed: None'
'Vocasta'	'Download Vocasta failed: None'
'Voicent'	'Download Voicent failed: None'
'WApp'	'Download WApp failed: None'
'WB'	'OK!'
'WCatalog'	'Download WCatalog failed: None'
'WFront'	'OK!'
'WMI'	'pkgsys.setup_args failed: Unrecognized license: http://www.opensource.org/licenses/mit-license.php'
'WPServer'	'OK!'
'WSGIFilter'	"Download WSGIFilter failed: [Errno 21] Is a directory: '/var/www/localhost/htdocs/pypicache/downloads/trunk'"
'WSGIOverlay'	"Download WSGIOverlay failed: [Errno 21] Is a directory: '/var/www/localhost/htdocs/pypicache/downloads/trunk'"
'WSGIProfile'	'OK!'
'WSGIProxy'	'OK!'
'WSGIRemote'	"Download WSGIRemote failed: Can't download http://svn.pythonpaste.org/Paste/WSGIRemote/trunk: 404 Not Found"
'WSGIRewrite'	'OK!'
'WSGIServe'	'Download WSGIServe failed: None'
'WSGIUtils'	'OK!'
'WSSEAuth'	"Unpack WSSEAuth failed: [Errno 2] No such file or directory: '/var/www/localhost/htdocs/pypicache/downloads/0.1.1'"
'WTForm'	'pkgsys.setup_args failed: Unrecognized license: http://creativecommons.org/licenses/by-sa/3.0/'
'WTForms'	'OK!'
'WadcomBlog'	'OK!'
'Wah!Cade'	'Invalid name: None'
'WaitForIt'	'OK!'
'Wally'	'Download Wally failed: None'
'Wareweb'	'OK!'
'Web Modules'	'Invalid name: None'
'WebError'	'OK!'
'WebHelpers'	'OK!'
'WebOb'	'OK!'
'WebOrganiser'	'OK!'
'WebPython'	'Unpack WebPython failed: Unsupported archive type'
'WebStack'	'OK!'
'WebTK'	"Download WebTK failed: Can't download http://webtk.org/download/webtk-0.alpha1.tgz: 404 Not Found"
'WebTest'	'OK!'
'WebVal'	"process failed: Invalid package name: 'dev-python/webval-_alpha'"
'Webware'	'Unpack Webware failed: Unsupported archive type'
'Webware for Python'	'Invalid name: None'
'Werkzeug'	'OK!'
'WiPy'	'Download WiPy failed: None'
'WikiGateway'	'Download WikiGateway failed: None'
'WikiHaus'	'Download WikiHaus failed: None'
'WikiUp'	'OK!'
'WikklyText'	'OK!'
'WordPress Python Library'	'Invalid name: None'
'WordUtils'	'OK!'
'WorldMill'	'Get package args failed: ImportError: No module named Cython.Distutils'
'WuGeo'	'OK!'
'XMLGen'	'OK!'
'XMLLayout'	'OK!'
'XRCWidgets'	'Get package args failed: ImportError: No module named wx'
'XSLTemplates'	'OK!'
'XSLTools'	'OK!'
'XSV'	'Download XSV failed: [Errno ftp error] 425 Failed to establish connection.'
'XTemplate4Python'	'Download XTemplate4Python failed: Unexpected HTML page found at http://pyhacks.suddenthinks.com/misc/XTemplate4Python-0.1.0.tar.gz'
'Xapwrap'	'Get package args failed: ImportError: No module named epsilon.versions'
'XmlTestRunner'	'Download XmlTestRunner failed: None'
'YABT'	'pkgsys.setup_args failed: Unrecognized license: RPL'
'YDbf'	'OK!'
'Yapps2'	'Unpack Yapps2 failed: Unsupported archive type'
'Yapsy'	'OK!'
'Yarrow'	'Download Yarrow failed: '
'ZConfig'	'OK!'
'ZODB3'	'OK!'
'ZODB4'	'Download ZODB4 failed: None'
'ZOE'	'Unpack ZOE failed: Unsupported archive type'
'ZPTKit'	'OK!'
'ZPTPage'	'Download ZPTPage failed: None'
'ZSI'	'OK!'
'Zenoss-Plugins'	'OK!'
'Zephyr'	'Download Zephyr failed: Unexpected HTML page found at https://www.as.cmu.edu/~geek/transferables/Zephyr-6.3.tar.gz'
'ZestyParser'	'OK!'
'ZopeInterface'	'Download ZopeInterface failed: None'
'ZopeSkel'	'OK!'
'ZopeX3'	'Download ZopeX3 failed: None'
"abo's pysync"	'Invalid name'
'abstract.jwrotator'	'OK!'
'acme.sql'	'Download acme.sql failed'
'acute-dbapi'	'Download acute-dbapi failed'
'adapya'	'Download adapya failed'
'addhrefs'	'OK!'
'aditam.agent'	'OK!'
'aditam.core'	'OK!'
'aditam.server'	'OK!'
'adns-python'	'OK!'
'adodbapi'	'Download adodbapi failed'
'adol-Py'	'Download adol-Py failed'
'advpy'	'Download advpy failed'
'affinitic.recipe.fakezope2eggs'	'OK!'
'affinity'	'OK!'
'aggdraw'	'OK!'
'ahcm'	'OK!'
'ahocorasick'	'OK!'
'aio'	'Download aio failed'
'aipy'	'Unpack aipy failed'
'akadav'	'Download akadav failed'
'akismet'	'Download akismet failed'
'aksy'	'Unpack aksy failed'
'albatross'	'OK!'
'alchemist.audit'	'OK!'
'alchemist.security'	'OK!'
'alchemist.traversal'	'OK!'
'alchemist.ui'	'OK!'
'alea'	'OK!'
'alienbuild'	'OK!'
'allmydata-tahoe'	'OK!'
'alo-aes'	'OK!'
'alterootheme.busycity'	'OK!'
'alterootheme.intensesimplicity'	'OK!'
'alterootheme.lazydays'	'OK!'
'alterparagraphs'	'Get package args failed'
'altgraph'	'OK!'
'altpty'	'Download altpty failed'
'amplee'	'OK!'
'ampoule'	'Get package args failed'
'amqplib'	'OK!'
'analysis'	'OK!'
'annotater'	'OK!'
'anntools'	'OK!'
'antigravity'	'OK!'
'antiparser'	'Unpack antiparser failed'
'anysql'	'OK!'
'apachelog'	'OK!'
'apesmit'	'OK!'
'apple'	'OK!'
'appleremote.py'	'OK!'
'appscript'	'OK!'
'appwsgi'	'Download appwsgi failed'
'appy.pod'	'OK!'
'appy.shared'	'OK!'
'apricot'	'OK!'
'apycot'	'OK!'
'aquarium'	'OK!'
'archetypes.kss'	'OK!'
'archetypes.schemaextender'	'OK!'
'archgenxml'	'OK!'
'arcvback'	'Download arcvback failed'
'argparse'	'OK!'
'arkaiv'	'Download arkaiv failed'
'arnie'	'Download arnie failed'
'arrayterator'	'OK!'
'arubomu'	'Download arubomu failed'
'asfPY'	'Download asfPY failed'
'aspects'	'Download aspects failed'
'aspen'	'OK!'
'astLib'	'OK!'
'astng'	'Download astng failed'
'astrogrid'	'Download astrogrid failed'
'asym'	'Download asym failed'
'athenaCL'	'Get package args failed: '
'atocha'	'Download atocha failed'
'atomicpy'	'Download atomicpy failed'
'atomisator.db'	'OK!'
'atomisator.enhancers'	'OK!'
'atomisator.feed'	'OK!'
'atomisator.filters'	'OK!'
'atomisator.main'	'OK!'
'atomisator.parser'	'OK!'
'atomisator.readers'	'OK!'
'atomixlib'	'OK!'
'atomstorage'	'OK!'
'atropine'	'OK!'
'audio-convert-mod'	'Download audio-convert-mod failed'
'audioscrobblerws'	'OK!'
'auth-modules'	'OK!'
'authz-tools'	'Download authz-tools failed'
'autoconnect'	'Download autoconnect failed'
'autoimp'	'Download autoimp failed'
'autoinstall'	'OK!'
'autolog'	'Get package args failed'
'autoself'	'OK!'
'autumn'	'OK!'
'avc'	'OK!'
'b3'	'OK!'
'babtools-EXAMPLE'	"Get package args failed: IOError: [Errno 2] No such file or directory: 'Changelog.txt'"
'babtools-gentoo'	'OK!'
'babtools-gnutella'	'OK!'
'barrel'	'OK!'
'basemap'	'Get package args failed: ImportError: No module named numpy'
'basen'	'OK!'
'basicCAS'	'OK!'
'basicproperty'	'Download basicproperty failed: None'
'basketweaver'	'OK!'
'batchlib'	'Download batchlib failed: None'
'bayesnet'	'Get package args failed: ImportError: No module named graph'
'bazaarrecipe'	'OK!'
'bbfreeze'	'OK!'
'bbgun'	'OK!'
'bcrypt'	'Download bcrypt failed: None'
'bcx basic compile tool'	'Invalid name: None'
'bcx error check'	'Invalid name: None'
'bda.awstatsparser'	'OK!'
'bda.blogview'	'OK!'
'bda.contentproxy'	'OK!'
'bda.intellidatetime'	'OK!'
'bda.ldap'	'OK!'
'bda.resultduplexer'	'OK!'
'bday'	"Download bday failed: Can't download http://shortcircuit.net.au/~prologic/downloads/software/bday-0.6.2.tar.gz: 404 Not Found"
'bdec'	'Download bdec failed: '
'bdist-mpkg'	'OK!'
'beancount'	'Download beancount failed: None'
'beatbox'	'OK!'
'bebop.protocol'	'OK!'
'benri'	'OK!'
'benri.client'	'OK!'
'benterm'	'OK!'
'bestappever'	"Get package args failed: IOError: [Errno 2] No such file or directory: '/var/tmp/pypi/unpack/bestappever-0.1/CHANGES.txt'"
'betterprint'	'OK!'
'beyondskins.pyconbrasil2008'	'OK!'
'bibliograph.core'	'OK!'
'bibliograph.parsing'	'OK!'
'bibliograph.rendering'	'OK!'
'bicop'	'OK!'
'bicyclerepair'	'Download bicyclerepair failed: None'
'biopython'	'Download biopython failed: None'
'bitarray'	'OK!'
'bitbake'	'Download bitbake failed: None'
'bitsyblog'	'OK!'
'blamehangle'	'Download blamehangle failed: None'
'bliptv.reader'	"Get package args failed: IOError: [Errno 2] No such file or directory: 'CHANGES.txt'"
'blist'	'OK!'
'blobs'	'Download blobs failed: None'
'boo-box'	'OK!'
'boodebr'	'OK!'
'book'	'Download book failed: None'
'bookshelf'	'Download bookshelf failed: None'
'boolopt'	'OK!'
'bopen.recipe.libinc'	'OK!'
'borg.localrole'	'OK!'
'borg.project'	'OK!'
'borg.supergroup'	'OK!'
'boto'	'OK!'
'bots'	'Download bots failed: None'
'bouncy'	'Unpack bouncy failed: Unsupported archive type'
'bpython'	'OK!'
'brian'	'OK!'
'bricks'	'Download bricks failed: None'
'bridge'	'OK!'
'bruce'	'Get package args failed: ImportError: No module named pyglet'
'bsddb185'	'Get package args failed: '
'bsddb3'	'OK!'
'btponto'	'OK!'
'btsclient'	'Download btsclient failed: None'
'bug.gd'	'OK!'
'build'	'Download build failed: None'
'buildbot'	'OK!'
'buildit'	'Download buildit failed: None'
'buildout-script'	'OK!'
'buildout.eggtractor'	'OK!'
'buildutils'	'OK!'
'bundleman'	'OK!'
'buzhug'	'Download buzhug failed: None'
'byteplay'	"Get package args failed: [Errno 22] Invalid argument: '/var/tmp/pypi/unpack/.'"
'bzero'	'Unpack bzero failed: Unsupported archive type'
'bzr'	'OK!'
'bzr-cia'	'Download bzr-cia failed: None'
'bzr-gtk'	'Download bzr-gtk failed: None'
'bzr-rebase'	'OK!'
'bzr-stats'	'Download bzr-stats failed: None'
'bzr-svn'	'OK!'
'cElementTree'	'OK!'
'calcore'	'OK!'
'calendrical'	'OK!'
'calibre'	'Download calibre failed: None'
'caltrain'	'OK!'
'can'	'OK!'
'captchaimage'	'OK!'
'cardutils'	'OK!'
'carnarvon'	'OK!'
'cassowarypy'	'Download cassowarypy failed: None'
'caxes'	'Download caxes failed: None'
'cc.buildout-reports'	'OK!'
'cc.gettext'	'OK!'
'cc.license'	'Download cc.license failed: None'
'cclib'	'OK!'
'ccrdf'	'OK!'
'cctagutils'	'OK!'
'cdat-lite'	'Get package args failed: ImportError: No module named numpy'
'ceODBC'	'OK!'
'cfgparse'	'OK!'
'cfgparse.py'	'Download cfgparse.py failed: None'
'cgi-app'	'OK!'
'cgi.unescape'	'OK!'
'cgnstk'	'OK!'
'chardb'	'Unpack chardb failed: [Errno 21] Is a directory'
'chardet'	'OK!'
'chattyparallel'	'OK!'
'check-megaraid'	'Download check-megaraid failed: None'
'checkboxtable'	'Download checkboxtable failed: None'
'checkers'	'OK!'
'checkselect'	'Get package args failed: ImportError: No module named turbogears.finddata'
'chessmind.core'	'OK!'
'chessmind.grok'	'OK!'
'chimera'	'OK!'
'chimera-python'	'OK!'
'chula'	'OK!'
'cisco-decrypt'	'OK!'
'ciscoconfparse'	'OK!'
'ckan'	'OK!'
'ckanclient'	'OK!'
'classix'	'OK!'
'classproperty'	'OK!'
'clearsilver'	'OK!'
'clee'	'OK!'
'cli'	'Download cli failed: None'
'clipartbrowser'	'OK!'
'clipboard-modifier'	'OK!'
'clnum'	'Download clnum failed: None'
'clonedigger'	'OK!'
'cloud-wiki'	'Download cloud-wiki failed: None'
'cluster'	'OK!'
'cly'	'OK!'
'cmd2'	'OK!'
'cmdsyntax'	'OK!'
'cmemcache-hash'	'OK!'
'cmskekule'	'Download cmskekule failed: None'
'cns.recipe.maildrophost'	'OK!'
'cns.recipe.symlink'	'OK!'
'cns.recipe.zmysqlda'	'OK!'
'coards'	'OK!'
'cocos2d'	'OK!'
'codeblock'	'OK!'
'codehack'	'OK!'
'codehosting'	'OK!'
'codewrap'	'OK!'
'cogen'	'OK!'
'cogent'	'Download cogent failed: None'
'cogplanet'	'Download cogplanet failed: None'
'cola'	'Get package args failed: ImportError: No module named PyQt4.QtCore'
'collective.allowsearch'	'OK!'
'collective.allowtypes'	'OK!'
'collective.baseid'	'OK!'
'collective.beancounter'	'OK!'
'collective.bouncing'	'OK!'
'collective.buildbot'	'OK!'
'collective.captcha'	'OK!'
'collective.castle'	'OK!'
'collective.cmfskininspector'	'OK!'
'collective.contentleadimage'	'OK!'
'collective.dancefloor'	'OK!'
'collective.dancing'	"process failed: Invalid type being used as a value: 'EBUILD': '/usr/local/portage/dev-python/collective.dancing/collective.dancing-0.7.1.ebuild'"
'collective.dist'	'OK!'
'collective.dtwidget'	'OK!'
'collective.easytemplate'	"Get package args failed: IOError: [Errno 2] No such file or directory: 'CHANGES.txt'"
'collective.editskinswitcher'	'OK!'
'collective.emaillogin'	'Download collective.emaillogin failed: None'
'collective.facetednavigation'	'Download collective.facetednavigation failed: None'
'collective.fancyzoomview'	'OK!'
'collective.flowplayer'	'OK!'
'collective.formcriteria'	'OK!'
'collective.formlib.link'	'OK!'
'collective.formwidget.uberselect'	'OK!'
'collective.gacontext'	'OK!'
'collective.indexing'	'OK!'
'collective.keywordcondition'	'OK!'
'collective.keywordwidgetreplacer'	'OK!'
'collective.kss.flygui'	"Get package args failed: IOError: [Errno 2] No such file or directory: 'docs/HISTORY.txt'"
'collective.kupuemoticons'	'OK!'
'collective.lead'	'OK!'
'collective.lorem'	'OK!'
'collective.namedblobfile'	'OK!'
'collective.namedfile'	'OK!'
'collective.navrootfield'	'OK!'
'collective.pfg.sslfield'	'OK!'
'collective.phantasy'	'OK!'
'collective.plone.gsxml'	'OK!'
'collective.ploneseltest'	'OK!'
'collective.plonetruegallery'	'OK!'
'collective.portlet.adsense'	'OK!'
'collective.portlet.amazon'	'OK!'
'collective.portlet.dropdownbox'	'OK!'
'collective.portlet.explore'	'OK!'
'collective.portlet.feedmixer'	'OK!'
'collective.portlet.image'	'OK!'
'collective.portlet.keywordmatches'	'OK!'
'collective.portlet.links'	'OK!'
'collective.portlet.paypal'	'OK!'
'collective.portlet.postit'	'OK!'
'collective.portlet.references'	'OK!'
'collective.portlet.rich'	'OK!'
'collective.portlet.skype'	'OK!'
'collective.portlet.tal'	'OK!'
'collective.portlet.usertrack'	'OK!'
'collective.portletpage'	'OK!'
'collective.psc.mirroring'	'OK!'
'collective.realestatebroker'	'OK!'
'collective.recipe.ant'	'OK!'
'collective.recipe.backup'	'OK!'
'collective.recipe.distutils'	'OK!'
'collective.recipe.filestorage'	'OK!'
'collective.recipe.linktally'	'OK!'
'collective.recipe.modwsgi'	'OK!'
'collective.recipe.mxbase'	'OK!'
'collective.recipe.mxodbc'	'OK!'
'collective.recipe.omelette'	'OK!'
'collective.recipe.scriptgen'	'OK!'
'collective.recipe.seleniumrc'	'OK!'
'collective.recipe.solrinstance'	'OK!'
'collective.recipe.sphinxbuilder'	'OK!'
'collective.recipe.supervisor'	'OK!'
'collective.recipe.template'	'OK!'
'collective.recipe.vimproject'	'OK!'
'collective.recipe.z2testrunner'	'OK!'
'collective.recipe.zcml'	'OK!'
'collective.recipe.zmysqlda'	'OK!'
'collective.recipe.zope2cluster'	'OK!'
'collective.releaser'	'OK!'
'collective.salesforce.authplugin'	'OK!'
'collective.salesforce.rsvp'	'OK!'
'collective.sectionsubskin'	'OK!'
'collective.singing'	'OK!'
'collective.testcaselayer'	'OK!'
'collective.testing'	'OK!'
'collective.uuid'	'OK!'
'collective.workflowed'	'OK!'
'collective.wtf'	'OK!'
'collective.z3cform.kss'	'OK!'
'colorname'	'OK!'
'compactpath'	'OK!'
'compare-locales'	'Download compare-locales failed: None'
'compress'	'Download compress failed: None'
'comtypes'	'Download comtypes failed: Unexpected HTML page found at https://comtypes.svn.sourceforge.net/svnroot/comtypes/#egg=comtypes-dev'
'conductance'	'OK!'
'config'	'OK!'
'configparse'	'OK!'
'configsaver'	'OK!'
'confparse'	'OK!'
'consensus'	'OK!'
'constraint'	'Download constraint failed: None'
'construct'	'OK!'
'contentratings'	'OK!'
'context-tools'	'OK!'
'contract'	'OK!'
'cookieauth'	"Download cookieauth failed: [Errno 21] Is a directory: '/var/www/localhost/htdocs/pypicache/downloads/trunk'"
'cornerstone.ui.result'	'OK!'
'coverage'	'OK!'
'cp.buildout-postgres'	'Download cp.buildout-postgres failed: None'
'cp.recipe.cmd'	'OK!'
'cpuspeedy'	'Unpack cpuspeedy failed: Unsupported archive type'
'crablfs'	'OK!'
'crcmod'	'Download crcmod failed: None'
'crunchyfrog'	'Get package args failed: '
'cryptlib-py'	'Download cryptlib-py failed: None'
'cryptobox-server'	'OK!'
'cryptopy'	'Download cryptopy failed: None'
'cs.tags'	'OK!'
'csnd'	'Download csnd failed: None'
'csound ifn parser'	'Invalid name: None'
'csound routines'	'Invalid name: None'
'css-scripts'	"Download css-scripts failed: Download error for http://guy.sikumuna.com/css-scripts.tar.gz: (-3, 'Temporary failure in name resolution')"
'cssrtl'	'Download cssrtl failed: None'
'cssutils'	'OK!'
'csv'	'Download csv failed: None'
'csvcat'	'OK!'
'csvdatamix'	'Download csvdatamix failed: None'
'csvutils'	'OK!'
'ctypes'	'Download ctypes failed: None'
'ctypes-configure'	'OK!'
'ctypeslib'	'Unpack ctypeslib failed: [Errno 21] Is a directory'
'cubictemp'	'OK!'
'curator'	'Download curator failed: None'
'currency.converter'	'OK!'
'curses-extra'	'Download curses-extra failed: None'
'cutils'	'Download cutils failed: None'
'cvsanaly'	'Download cvsanaly failed: None'
'cvsxxdiff'	'OK!'
'cx-Freeze'	'OK!'
'cx-Logging'	'OK!'
'cx-Oracle'	'Get package args failed: '
'cx-PyGenLib'	'OK!'
'cx-bsdiff'	'Download cx-bsdiff failed: None'
'czechtile'	'Get package args failed: ImportError: No module named sneakylang'
'd2m.rendersource'	'OK!'
'd2m.wsgiapp'	'OK!'
'd9t.gis'	'OK!'
'daemon'	'OK!'
'daily-spent'	'OK!'
'dal'	'Download dal failed: None'
'dana'	'Download dana failed: None'
'dao'	'Download dao failed: None'
'dap'	'OK!'
'dap.plugins.compress'	'OK!'
'dap.plugins.gdal'	'OK!'
'dap.plugins.grads'	'OK!'
'dap.plugins.grib2'	'OK!'
'dap.plugins.hdf5'	'OK!'
'dap.plugins.matlab'	'OK!'
'dap.plugins.netcdf'	'OK!'
'dap.plugins.sql'	'OK!'
'dap.responses.ddx'	'OK!'
'dap.responses.html'	'OK!'
'dap.responses.json'	'OK!'
'dap.responses.wms'	'OK!'
'darcsver'	'OK!'
'dasty'	'OK!'
'database'	'Download database failed: None'
'dataflake.ldapconnection'	'OK!'
'dataurl'	"Download dataurl failed: Can't download http://nerdierthanthou.nfshost.com/dataurl/dataurl-1.0.zip: 404 Not Found"
'dateable.chronos'	'OK!'
'dateable.kalends'	'OK!'
'dateutil'	'OK!'
'davclient'	'OK!'
'daversy'	'OK!'
'dbclass'	'OK!'
'dbcook'	'Download dbcook failed: None'
'dbfpy'	'Download dbfpy failed: None'
'dbmigrate'	'OK!'
'dbo'	'OK!'
'dbobject'	"Download dbobject failed: Can't download http://dbobject.worldsinfinite.com/dbobject.tar.gz: 404 Not Found"
'dbsh'	'OK!'
'dbsql'	'pkgsys.setup_args failed: Unrecognized license: Freeware'
'dbstore'	'OK!'
'dbutil'	'Download dbutil failed: None'
'dbwrap'	'Download dbwrap failed: None'
'decimalfuncs'	'Download decimalfuncs failed: None'
'decorator'	'OK!'
'decoroute'	'Get package args failed: ImportError: No module named wsgistraw'
'deep'	'OK!'
'dejumble'	'OK!'
'delegate'	'OK!'
'delicious.py'	'Download delicious.py failed: None'
'delxml2html'	'Download delxml2html failed: None'
'deminaction'	"Download deminaction failed: Can't download http://cheeseshop.python.org/packages/source/d/deminaction/deminaction-0.2.tar.gz: 404 Not Found"
'demisaucepy'	'OK!'
'demjson'	'OK!'
'demset'	'OK!'
'depalma'	'OK!'
'desire'	'OK!'
'desktop'	'OK!'
'devtools'	'Download devtools failed: None'
'dez'	'OK!'
'dfa'	'OK!'
'diStorm64'	'Download diStorm64 failed: None'
'dia2mps'	'Download dia2mps failed: None'
'directio'	'OK!'
'dirmon'	'Download dirmon failed: None'
'dirstore'	'OK!'
'disc-tools'	'OK!'
'disthelper'	'OK!'
'diviMon'	'Download diviMon failed: None'
'dj-cmdbuild'	'OK!'
'django db_dump'	'Invalid name: None'
'django-assets'	'OK!'
'django-authopenid'	'OK!'
'django-cas'	'OK!'
'django-dbtemplates'	'OK!'
'django-dpaste'	"Download django-dpaste failed: Download error for http://pypi.python.org/packages/source/d/django-dpaste/django-dpaste-0.1.tar.gz: (110, 'Connection timed out')"
'django-forex'	"process failed: Invalid package name: 'dev-python/django_forex-_rc'"
'django-granular-permissions'	'OK!'
'django-jython'	"Download django-jython failed: [Errno 21] Is a directory: '/var/www/localhost/htdocs/pypicache/downloads/trunk'"
'django-links'	'OK!'
'django-localeurl'	'OK!'
'django-maintenancemode'	'OK!'
'django-mobileadmin'	'OK!'
'django-mptt'	'OK!'
'django-options'	"process failed: Invalid package name: 'dev-python/django_options-_rc'"
'django-pony'	'OK!'
'django-registration'	'OK!'
'django-reusableapps'	'OK!'
'django-robots'	'OK!'
'django-tables'	'OK!'
'django-templatesadmin'	'OK!'
'django-testmaker'	'OK!'
'django-tinymce'	'OK!'
'django-xappy'	'OK!'
'djangoinstall'	'Download djangoinstall failed: None'
'djangoratings'	'Download djangoratings failed: None'
'djangorecipe'	'OK!'
'djangosphinx'	'Download djangosphinx failed: None'
'djangregator'	'Download djangregator failed: None'
'dm.historical'	'OK!'
'dm.incrementalsearch'	'Get package args failed: '
'dm.pdb'	'OK!'
'dm.profile'	'OK!'
'dm.reuse'	'OK!'
'dm.sharedresource'	'OK!'
'dm.zdoc'	'OK!'
'dmath'	'Download dmath failed: None'
'dnd'	'OK!'
'dnet'	'Download dnet failed: None'
'dnspython'	'OK!'
'dnuos'	'OK!'
'doapfiend'	'OK!'
'doapfiend-ebuild'	"Get package args failed: [Errno 22] Invalid argument: '/var/tmp/pypi/unpack/.'"
'doapfiend-gentoo'	"Get package args failed: [Errno 22] Invalid argument: '/var/tmp/pypi/unpack/.'"
'doapfiend-html'	'OK!'
'doapfiend-vcs'	"Get package args failed: [Errno 22] Invalid argument: '/var/tmp/pypi/unpack/.'"
'docbook2sla'	'OK!'
'docutils'	'OK!'
'doit'	'OK!'
'dom3k'	'Download dom3k failed: None'
'domainmodel'	'Get package args failed: ImportError: No module named django'
'dot2tex'	'OK!'
'douban-python'	'OK!'
'doxypy'	'OK!'
'dpkt'	'Download dpkt failed: None'
'dramatis'	'OK!'
'drawfile'	'Get package args failed: ImportError: No module named spritefile'
'drop-privileges'	'OK!'
'dtflickr'	'OK!'
'dtopt'	'OK!'
'dtrx'	'OK!'
'dublincore'	'OK!'
'dupfilefind'	'Get package args failed: '
'dutest'	'Get package args failed: ImportError: No module named dutest'
'dweba'	'Download dweba failed: None'
'dyndnsc'	'Get package args failed: ImportError: No module named netifaces'
'dynwidgets'	'Get package args failed: ImportError: No module named turbogears.finddata'
'e2-ec2'	'OK!'
'e2-vb'	'OK!'
'eTiny'	'Get package args failed: ImportError: No module named turbogears.finddata'
'eagle'	'OK!'
'eagle-gtk'	'OK!'
'eagle-maemo'	'OK!'
'earth-distance'	'OK!'
'easier-install'	'OK!'
'easyBay'	'OK!'
'easydeb'	'OK!'
'easylog'	'Download easylog failed: None'
'easyshop.carts'	'OK!'
'easyshop.catalog'	'OK!'
'easyshop.checkout'	'OK!'
'easyshop.core'	'OK!'
'easyshop.criteria'	'OK!'
'easyshop.customers'	'OK!'
'easyshop.discounts'	'OK!'
'easyshop.groups'	'OK!'
'easyshop.information'	'OK!'
'easyshop.kss'	'OK!'
'easyshop.login'	'OK!'
'easyshop.management'	'OK!'
'easyshop.order'	'OK!'
'easyshop.payment'	'OK!'
'easyshop.search'	'OK!'
'easyshop.shipping'	'OK!'
'easyshop.shop'	'OK!'
'easyshop.stocks'	'OK!'
'easyshop.taxes'	'OK!'
'easyzone'	'Get package args failed: '
'eazysvn'	'OK!'
'ebookutils'	'Unpack ebookutils failed: Unsupported archive type'
'econ'	'OK!'
'eddiebrowser'	'Unpack eddiebrowser failed: Empty package encountered: /var/tmp/pypi/downloads/eddiebrowser-0.6.1.tgz'
'edef'	'Download edef failed: None'
'editdist'	'Download editdist failed: None'
'editmoin'	'OK!'
'effbot.org'	'OK!'
'effnews'	'Unpack effnews failed: Unsupported archive type'
'egd'	'OK!'
'egenix-mx-base'	'Download egenix-mx-base failed: None'
'egenix-mx-commercial'	'Download egenix-mx-commercial failed: None'
'egenix-mx-experimental'	'Download egenix-mx-experimental failed: None'
'egenix-mxodbc'	'Download egenix-mxodbc failed: None'
'egenix-mxodbc-connect-client'	'Download egenix-mxodbc-connect-client failed: None'
'egenix-pyopenssl'	'Download egenix-pyopenssl failed: None'
'eggchecker'	'OK!'
'eggtestinfo'	'OK!'
'elementsoap'	'OK!'
'elementtidy'	'OK!'
'elementtree'	'OK!'
'elementtreewriter'	'pkgsys.setup_args failed: Unrecognized license: D-FSL - German Free Software License'
'ely.advancedquery'	'OK!'
'ely.contentgenerator'	'OK!'
'ely.portlets.image'	'OK!'
'email'	'OK!'
'emailfilter'	'Get package args failed: '
'emantools'	'Download emantools failed: None'
'emi-ucp'	'OK!'
'emmet'	'Download emmet failed: None'
'emores'	'OK!'
'empy'	'pkgsys.setup_args failed: Unrecognized license: %LICENSE'
'empywiz'	'OK!'
'emusic'	'OK!'
'encutils'	'OK!'
'engal'	'Get package args failed: ImportError: No module named turbogears.finddata'
'engine'	'Download engine failed: None'
'enomalism'	'Download enomalism failed: None'
'enomalism2'	'Unpack enomalism2 failed: Unsupported archive type'
'entangled'	'Download entangled failed: None'
'entransit'	"Download entransit failed: Can't download http://enfoldsystems.com/Products/Entransit/entransit-0.9.3.tar.gz: 404 Not Found"
'entransit.common'	'Download entransit.common failed: None'
'entwine'	'Unpack entwine failed: Unsupported archive type'
'enum'	'OK!'
'enum-meta'	'Download enum-meta failed: None'
'enumprocess'	'OK!'
'environ'	"Get package args failed: [Errno 22] Invalid argument: '/var/tmp/pypi/unpack/.'"
'eonums'	'OK!'
'epgsnoop'	'OK!'
'epigrass'	'OK!'
'epwithgis.openlayers'	'Download epwithgis.openlayers failed: None'
'epydoc'	'OK!'
'equivalence'	'OK!'
'erp5flakes'	'OK!'
'escript'	'Download escript failed: None'
'esmre'	'OK!'
'estraiernative'	'OK!'
'eternity'	'OK!'
'euclid'	'Download euclid failed: None'
'event'	'Download event failed: None'
'eventful'	'OK!'
'eventlet'	'OK!'
'evogrid'	'OK!'
'evoque'	'OK!'
'ewa'	'OK!'
'ews'	'Get package args failed: ImportError: No module named yaml'
'example.customization'	'OK!'
'exec-proxy'	'Download exec-proxy failed: None'
'exemaker'	'OK!'
'exiflow'	'Download exiflow failed: None'
'experimental.catalogqueryplan'	'OK!'
'experimental.opaquespeedup'	'OK!'
'extended-threading'	"Download extended-threading failed: Download error for http://www.var-dev.net/programming/python/extended_threading/extended_threading-0_2.tar.bz2: (113, 'No route to host')"
'externalator'	'OK!'
'eyeD3'	'Download eyeD3 failed: None'
'ez-web'	'Download ez-web failed: Unexpected HTML page found at https://opensvn.csie.org/traccgi/PumperWeb/attachment/wiki/ez_web/ez_web-0.1.tar.gz'
'ez-xml'	'Download ez-xml failed: Unexpected HTML page found at https://opensvn.csie.org/traccgi/PumperWeb/attachment/wiki/ez_xml/ez_xml-0.1.3.tar.gz'
'ezplot'	'OK!'
'ezpyinline'	'OK!'
'fabulatr'	'Download fabulatr failed: None'
'faces-pm'	'Download faces-pm failed: '
'fakemail-python'	'OK!'
'fassembler.configparser'	'Download fassembler.configparser failed: '
'fastcharmap'	'Download fastcharmap failed: '
'fasttran'	'Download fasttran failed: None'
'fcgiapp'	'OK!'
'fcrypt'	'OK!'
'fdfgen'	'OK!'
'fdsend'	"Download fdsend failed: Can't download http://pilcrow.madison.wi.us/sw/fdsend-0.1.tar.gz: 404 Not Found"
'featurelist'	'OK!'
'feed2twitter'	"Get package args failed: IOError: [Errno 2] No such file or directory: 'VERSION'"
'feedcache'	'OK!'
'feedfinder'	'Download feedfinder failed: None'
'feedparser'	'OK!'
'fez.djangothreadlocal'	'OK!'
'ffnet'	'Download ffnet failed: None'
'ffse'	'OK!'
'fibra'	'OK!'
'figleaf'	'OK!'
'filatelisto'	'Download filatelisto failed: None'
'fileinfo'	'OK!'
'filelike'	'OK!'
'filetypes'	'OK!'
'filterinput'	'Download filterinput failed: None'
'finic'	'Download finic failed: None'
'finx'	'Download finx failed: None'
'fire'	'Download fire failed: None'
'firkin'	'OK!'
'firmware-addon-dell'	'Download firmware-addon-dell failed: None'
'five.customerize'	'OK!'
'five.intid'	'OK!'
'five.localsitemanager'	'OK!'
'fixedlenfields'	'Download fixedlenfields failed: None'
'fixture'	'OK!'
'flagpoll'	'OK!'
'flamboyantsshd'	'OK!'
'flashticle'	"Download flashticle failed: [Errno 21] Is a directory: '/var/www/localhost/htdocs/pypicache/downloads/trunk'"
'flatland'	"Download flatland failed: [Errno 21] Is a directory: '/var/www/localhost/htdocs/pypicache/downloads/trunk'"
'flauxtext'	'Unpack flauxtext failed: Unrecognized archive format: /var/www/localhost/htdocs/pypicache/downloads/flauxtext.zip'
'flexable'	"Get package args failed: IOError: [Errno 2] No such file or directory: 'docs/usage.rst'"
'flickrapi'	'Get package args failed: ImportError: No module named _setup'
'flickrlib'	'Download flickrlib failed: '
'flickyou'	'OK!'
'fltk page maker'	'Invalid name: None'
'fluid'	'OK!'
'flunc'	'OK!'
'flup'	'OK!'
'fontypython'	'Download fontypython failed: None'
'foo'	'Download foo failed: None'
'foolscap'	'OK!'
'forgetSQL'	'OK!'
'formatflowed'	'OK!'
'formattime'	'OK!'
'fortune'	'OK!'
'fosswall-proxy'	'Download fosswall-proxy failed: None'
'fpconst'	'OK!'
'freearch.theme'	'OK!'
'freebase'	'OK!'
'freeboxtv'	'OK!'
'freedots'	'OK!'
'freeform'	'OK!'
'freevo'	'Download freevo failed: None'
'frog'	'Unpack frog failed: Unrecognized archive format: /var/www/localhost/htdocs/pypicache/downloads/frog-0.77.zip'
'fruity toots'	'Invalid name: None'
'fsl'	'OK!'
'fsm'	'OK!'
'ftd2xx'	'Get package args failed: OSError: [Errno 2] No such file or directory'
'ftputil'	'OK!'
'fui'	'OK!'
'fullChart'	'Download fullChart failed: None'
'func'	'Download func failed: None'
'functest'	'OK!'
'functional'	'OK!'
'functools'	'OK!'
'funkload'	'OK!'
'fuse-adfs'	'Get package args failed: ImportError: No module named fuse'
'fuse-python'	"Get package args failed: NameError: name 'cflags' is not defined"
'fusil'	'OK!'
'fwbackups'	"Download fwbackups failed: Can't download http://www.diffingo.com/content/view/12/45/lang,en/downloads/fwbackups/fwbackups-1.43.2rc2.tar.gz: 404 Not Found"
'fwfstab'	'Unpack fwfstab failed: Unsupported archive type'
'gcal2gcal'	'OK!'
'gnue-common'	'OK!'
'gnue-forms'	'Get package args failed: ImportError: No module named gnue.common.utils'
'golem'	'OK!'
'googlecalc'	'OK!'
'haufe.selenium'	'OK!'
'huBarcode'	'OK!'
'iTorrent'	'Unpack iTorrent failed: Empty package encountered: /var/tmp/pypi/downloads/iTorrent-alpha-2-win.zip'
'ipython'	'OK!'
'ipython1'	'OK!'
'kss.plugin.jsmath'	'OK!'
'leo'	'Unpack leo failed: Unrecognized archive format: /var/tmp/pypi/downloads/leo-4.4.7-final.zip'
'libprs500'	'Get package args failed: ImportError: No module named Image'
'lxml'	'OK!'
'matplotlib'	'Unpack matplotlib failed: CRC check failed'
'megrok.yui'	'OK!'
'mwlib.ext'	'OK!'
'mwlib.r1'	'Download mwlib.r1 failed: None'
'mwlib.rl'	'OK!'
'networkx'	'OK!'
'neveredit'	'OK!'
'numpy'	'Get package args failed: '
'odfsvn'	'OK!'
'opencore'	'OK!'
'paramiko'	'OK!'
'pycryptopp'	'OK!'
'setuptools'	'OK!'
'xODMR'	'Download xODMR failed: None'
'xanalogica.tumbler'	'OK!'
'xappy'	'OK!'
'xattr'	'OK!'
'xcbl'	'Download xcbl failed: None'
'xcp'	'Download xcp failed: None'
'xexpr'	'OK!'
'xhotkeys'	'Download xhotkeys failed: None'
'xhtmlhook'	'OK!'
'ximenez'	'Download ximenez failed: None'
'xix-utils'	'OK!'
'xlrd'	'OK!'
'xm.booking'	'OK!'
'xm.charting'	'OK!'
'xm.portlets'	'OK!'
'xm.theme'	'OK!'
'xml.xpath'	'Download xml.xpath failed: None'
'xml2ddl'	'OK!'
'xmldiff'	'Get package args failed: SyntaxError: from __future__ imports must occur at the beginning of the file'
'xmlfetch'	'Download xmlfetch failed: None'
'xmlmodel'	'pkgsys.setup_args failed: Unrecognized license: OSL3.0.'
'xmlmp'	'Download xmlmp failed: None'
'xmlobjects'	'OK!'
'xmlpolymerase'	'OK!'
'xmlrpclib'	'OK!'
'xmltools'	'Download xmltools failed: None'
'xmltramp'	'Download xmltramp failed: None'
'xmltreewalker'	"Download xmltreewalker failed: Can't download http://www.schmut.com/xmltreewalker-0.1.tar.gz: 404 Not Found"
'xmmspy'	'OK!'
'xmpppy'	'Get package args failed: ImportError: cannot import name sys'
'xpaxs'	'Download xpaxs failed: None'
'xpra'	'Download xpra failed: None'
'xsdb'	'Download xsdb failed: None'
'xtest'	'OK!'
'xxdiff-scripts'	'Download xxdiff-scripts failed: None'
'yaco.applyfun'	"Get package args failed: IOError: [Errno 2] No such file or directory: 'docs/HISTORY.txt'"
'yapgvb'	'OK!'
'yapsnmp'	'Unpack yapsnmp failed: Unsupported archive type'
'yaptoo'	'Download yaptoo failed: None'
'yaro'	'OK!'
'yawPyCrypto'	'Download yawPyCrypto failed: None'
'yaxl'	'OK!'
'yma2txt'	'OK!'
'yolk'	'OK!'
'yolk-portage'	'OK!'
'yould'	'OK!'
'z3c.pypimirror'	'OK!'
================================
'CocoPy'
	'Get package args failed: ImportError: No module named cocopy.setupInfo'
	'process failed: /usr/local/portage/dev-python/cocopy/files/CocoPy-1.1.0rc-fixsetupInfo.patch'
'setuptools'
	'Download setuptools failed: None'
	'Download setuptools failed: None'
	'Download setuptools failed: None'
	'Download setuptools failed: None'
	'Get package args failed: '
